Arguments: 
  E:\Program Files (x86)\node.exe E:\Program Files (x86)\Yarn\bin\yarn.js add react-addons-css-transition

PATH: 
  C:\Users\HPdv6\bin;C:\Program Files\Git\mingw64\bin;C:\Program Files\Git\usr\local\bin;C:\Program Files\Git\usr\bin;C:\Program Files\Git\usr\bin;C:\Program Files\Git\cmd;C:\Program Files (x86)\Common Files\Oracle\Java\javapath;C:\ProgramData\Oracle\Java\javapath;C:\Windows\system32;C:\Windows;C:\Windows\System32\Wbem;C:\Windows\System32\WindowsPowerShell\v1.0;C:\Program Files (x86)\Lighting Analysts\Shared\EosDWG_2013;C:\Program Files (x86)\Lighting Analysts\Shared;C:\Program Files (x86)\Lighting Analysts\Shared\CPM;C:\Program Files\Git\cmd;C:\Program Files\Microsoft VS Code\bin;D:\command;E:\cygwin64\bin;C:\Program Files\Microsoft SQL Server\130\Tools\Binn;C:\Program Files (x86)\OpenVPN\bin;E:\Program Files (x86)\Yarn\bin;C:\ProgramData\chocolatey\bin;E:\Program Files (x86);C:\Program Files\Microsoft VS Code\bin;E:\Program Files (x86)\heroku\bin;C:\Users\HPdv6\AppData\Local\Yarn\bin;C:\Users\HPdv6\.dotnet\tools;C:\Users\HPdv6\AppData\Roaming\npm;C:\Users\HPdv6\AppData\Local\hyper\app-2.1.0\resources\bin;C:\Program Files\Git\usr\bin\vendor_perl;C:\Program Files\Git\usr\bin\core_perl

Yarn version: 
  1.10.1

Node version: 
  10.13.0

Platform: 
  win32 x64

Trace: 
  Error: https://registry.yarnpkg.com/react-addons-css-transition: Not found
      at Request.params.callback [as _callback] (E:\Program Files (x86)\Yarn\lib\cli.js:60182:18)
      at Request.self.callback (E:\Program Files (x86)\Yarn\lib\cli.js:120166:22)
      at Request.emit (events.js:182:13)
      at Request.<anonymous> (E:\Program Files (x86)\Yarn\lib\cli.js:121138:10)
      at Request.emit (events.js:182:13)
      at IncomingMessage.<anonymous> (E:\Program Files (x86)\Yarn\lib\cli.js:121060:12)
      at Object.onceWrapper (events.js:273:13)
      at IncomingMessage.emit (events.js:187:15)
      at endReadableNT (_stream_readable.js:1094:12)
      at process._tickCallback (internal/process/next_tick.js:63:19)

npm manifest: 
  {
    "name": "receptionistApp",
    "version": "1.0.0",
    "description": "",
    "main": "index.js",
    "scripts": {
      "dev": "next",
      "build": "next build",
      "start": "next start"
    },
    "repository": {
      "type": "git",
      "url": "git+https://github.com/Ma7eer/receptionist-app.git"
    },
    "keywords": [],
    "author": "",
    "license": "ISC",
    "bugs": {
      "url": "https://github.com/Ma7eer/receptionist-app/issues"
    },
    "homepage": "https://github.com/Ma7eer/receptionist-app#readme",
    "dependencies": {
      "@blueprintjs/core": "^3.10.0",
      "next": "^7.0.2",
      "react": "^16.7.0",
      "react-dom": "^16.7.0"
    },
    "devDependencies": {
      "eslint": "^5.11.1",
      "eslint-config-airbnb": "^17.1.0",
      "eslint-config-prettier": "^3.3.0",
      "eslint-config-react-app": "^3.0.5",
      "eslint-plugin-import": "^2.14.0",
      "eslint-plugin-jsx-a11y": "^6.1.2",
      "eslint-plugin-prettier": "^3.0.1",
      "eslint-plugin-react": "^7.12.0",
      "prettier": "^1.15.3"
    }
  }

yarn manifest: 
  No manifest

Lockfile: 
  No lockfile
